#-----------------------------------------------------------
# Vivado v2020.2 (64-bit)
# SW Build 3064766 on Wed Nov 18 09:12:45 MST 2020
# IP Build 3064653 on Wed Nov 18 14:17:31 MST 2020
# Start of session at: Sun Jun 15 09:36:07 2025
# Process ID: 35772
# Current directory: E:/uCOS-II
# Command line: vivado.exe -gui_launcher_event rodinguilauncherevent5052 E:\uCOS-II\uCOS-II.xpr
# Log file: E:/uCOS-II/vivado.log
# Journal file: E:/uCOS-II\vivado.jou
#-----------------------------------------------------------
start_gui
open_project E:/uCOS-II/uCOS-II.xpr
Scanning sources...
Finished scanning sources
INFO: [IP_Flow 19-234] Refreshing IP repositories
INFO: [IP_Flow 19-1704] No user IP repositories specified
INFO: [IP_Flow 19-2313] Loaded Vivado IP repository 'E:/Xilinx/Vivado/2020.2/data/ip'.
WARNING: [IP_Flow 19-3664] IP 'sd_buf' generated file not found 'e:/uCOS-II/uCOS-II.gen/sources_1/ip/sd_buf/sd_buf.dcp'. Please regenerate to continue.
WARNING: [IP_Flow 19-3664] IP 'sd_buf' generated file not found 'e:/uCOS-II/uCOS-II.gen/sources_1/ip/sd_buf/sd_buf_stub.v'. Please regenerate to continue.
WARNING: [IP_Flow 19-3664] IP 'sd_buf' generated file not found 'e:/uCOS-II/uCOS-II.gen/sources_1/ip/sd_buf/sd_buf_stub.vhdl'. Please regenerate to continue.
WARNING: [IP_Flow 19-3664] IP 'sd_buf' generated file not found 'e:/uCOS-II/uCOS-II.gen/sources_1/ip/sd_buf/sd_buf_sim_netlist.v'. Please regenerate to continue.
WARNING: [IP_Flow 19-3664] IP 'sd_buf' generated file not found 'e:/uCOS-II/uCOS-II.gen/sources_1/ip/sd_buf/sd_buf_sim_netlist.vhdl'. Please regenerate to continue.
WARNING: [IP_Flow 19-3664] IP 'sdram' generated file not found 'e:/uCOS-II/uCOS-II.gen/sources_1/ip/sdram/sdram.dcp'. Please regenerate to continue.
WARNING: [IP_Flow 19-3664] IP 'sdram' generated file not found 'e:/uCOS-II/uCOS-II.gen/sources_1/ip/sdram/sdram_stub.v'. Please regenerate to continue.
WARNING: [IP_Flow 19-3664] IP 'sdram' generated file not found 'e:/uCOS-II/uCOS-II.gen/sources_1/ip/sdram/sdram_stub.vhdl'. Please regenerate to continue.
WARNING: [IP_Flow 19-3664] IP 'sdram' generated file not found 'e:/uCOS-II/uCOS-II.gen/sources_1/ip/sdram/sdram_sim_netlist.v'. Please regenerate to continue.
WARNING: [IP_Flow 19-3664] IP 'sdram' generated file not found 'e:/uCOS-II/uCOS-II.gen/sources_1/ip/sdram/sdram_sim_netlist.vhdl'. Please regenerate to continue.
WARNING: [IP_Flow 19-3664] IP 'clk_wiz_200MHZ' generated file not found 'e:/uCOS-II/uCOS-II.gen/sources_1/ip/clk_wiz_200MHZ/clk_wiz_200MHZ.dcp'. Please regenerate to continue.
WARNING: [IP_Flow 19-3664] IP 'clk_wiz_200MHZ' generated file not found 'e:/uCOS-II/uCOS-II.gen/sources_1/ip/clk_wiz_200MHZ/clk_wiz_200MHZ_stub.v'. Please regenerate to continue.
WARNING: [IP_Flow 19-3664] IP 'clk_wiz_200MHZ' generated file not found 'e:/uCOS-II/uCOS-II.gen/sources_1/ip/clk_wiz_200MHZ/clk_wiz_200MHZ_stub.vhdl'. Please regenerate to continue.
WARNING: [IP_Flow 19-3664] IP 'clk_wiz_200MHZ' generated file not found 'e:/uCOS-II/uCOS-II.gen/sources_1/ip/clk_wiz_200MHZ/clk_wiz_200MHZ_sim_netlist.v'. Please regenerate to continue.
WARNING: [IP_Flow 19-3664] IP 'clk_wiz_200MHZ' generated file not found 'e:/uCOS-II/uCOS-II.gen/sources_1/ip/clk_wiz_200MHZ/clk_wiz_200MHZ_sim_netlist.vhdl'. Please regenerate to continue.
WARNING: [IP_Flow 19-3664] IP 'clk_wiz_25MHZ' generated file not found 'e:/uCOS-II/uCOS-II.gen/sources_1/ip/clk_wiz_25MHZ/clk_wiz_25MHZ.dcp'. Please regenerate to continue.
WARNING: [IP_Flow 19-3664] IP 'clk_wiz_25MHZ' generated file not found 'e:/uCOS-II/uCOS-II.gen/sources_1/ip/clk_wiz_25MHZ/clk_wiz_25MHZ_stub.v'. Please regenerate to continue.
WARNING: [IP_Flow 19-3664] IP 'clk_wiz_25MHZ' generated file not found 'e:/uCOS-II/uCOS-II.gen/sources_1/ip/clk_wiz_25MHZ/clk_wiz_25MHZ_stub.vhdl'. Please regenerate to continue.
WARNING: [IP_Flow 19-3664] IP 'clk_wiz_25MHZ' generated file not found 'e:/uCOS-II/uCOS-II.gen/sources_1/ip/clk_wiz_25MHZ/clk_wiz_25MHZ_sim_netlist.v'. Please regenerate to continue.
WARNING: [IP_Flow 19-3664] IP 'clk_wiz_25MHZ' generated file not found 'e:/uCOS-II/uCOS-II.gen/sources_1/ip/clk_wiz_25MHZ/clk_wiz_25MHZ_sim_netlist.vhdl'. Please regenerate to continue.
open_project: Time (s): cpu = 00:00:18 ; elapsed = 00:00:14 . Memory (MB): peak = 1146.734 ; gain = 0.000
update_compile_order -fileset sources_1
launch_runs impl_1 -to_step write_bitstream -jobs 10
[Sun Jun 15 09:38:12 2025] Launched sd_buf_synth_1, sdram_synth_1, clk_wiz_200MHZ_synth_1, clk_wiz_25MHZ_synth_1, synth_1...
Run output will be captured here:
sd_buf_synth_1: E:/uCOS-II/uCOS-II.runs/sd_buf_synth_1/runme.log
sdram_synth_1: E:/uCOS-II/uCOS-II.runs/sdram_synth_1/runme.log
clk_wiz_200MHZ_synth_1: E:/uCOS-II/uCOS-II.runs/clk_wiz_200MHZ_synth_1/runme.log
clk_wiz_25MHZ_synth_1: E:/uCOS-II/uCOS-II.runs/clk_wiz_25MHZ_synth_1/runme.log
synth_1: E:/uCOS-II/uCOS-II.runs/synth_1/runme.log
[Sun Jun 15 09:38:12 2025] Launched impl_1...
Run output will be captured here: E:/uCOS-II/uCOS-II.runs/impl_1/runme.log
open_run impl_1
INFO: [Device 21-403] Loading part xc7a100tcsg324-1
Netlist sorting complete. Time (s): cpu = 00:00:01 ; elapsed = 00:00:00.303 . Memory (MB): peak = 1531.500 ; gain = 19.137
INFO: [Netlist 29-17] Analyzing 2754 Unisim elements for replacement
INFO: [Netlist 29-28] Unisim Transformation completed in 0 CPU seconds
INFO: [Project 1-479] Netlist was created with Vivado 2020.2
INFO: [Project 1-570] Preparing netlist for logic optimization
WARNING: [Constraints 18-550] Could not create 'IBUF_LOW_PWR' constraint because net 'wiz200mhz/clk_in' is not directly connected to top level port. Synthesis is ignored for IBUF_LOW_PWR but preserved for implementation.
WARNING: [Constraints 18-550] Could not create 'IBUF_LOW_PWR' constraint because net 'wiz25mhz/clk_in' is not directly connected to top level port. Synthesis is ignored for IBUF_LOW_PWR but preserved for implementation.
INFO: [Timing 38-478] Restoring timing data from binary archive.
INFO: [Timing 38-479] Binary timing data restore complete.
INFO: [Project 1-856] Restoring constraints from binary archive.
INFO: [Project 1-853] Binary constraint restore complete.
Reading XDEF placement.
Reading placer database...
Reading XDEF routing.
Read XDEF File: Time (s): cpu = 00:00:02 ; elapsed = 00:00:02 . Memory (MB): peak = 2289.574 ; gain = 19.637
Restored from archive | CPU: 2.000000 secs | Memory: 0.000000 MB |
Finished XDEF File Restore: Time (s): cpu = 00:00:02 ; elapsed = 00:00:02 . Memory (MB): peak = 2289.574 ; gain = 19.637
Netlist sorting complete. Time (s): cpu = 00:00:00 ; elapsed = 00:00:00.007 . Memory (MB): peak = 2289.574 ; gain = 0.000
INFO: [Project 1-111] Unisim Transformation Summary:
  A total of 180 instances were transformed.
  IOBUFDS_INTERMDISABLE => IOBUFDS_INTERMDISABLE (IBUFDS_INTERMDISABLE_INT(x2), INV, OBUFTDS(x2)): 2 instances
  IOBUF_INTERMDISABLE => IOBUF_INTERMDISABLE (IBUF_INTERMDISABLE, OBUFT): 16 instances
  OBUFDS => OBUFDS_DUAL_BUF (INV, OBUFDS(x2)): 1 instance 
  RAM128X1S => RAM128X1S (MUXF7, RAMS64E(x2)): 32 instances
  RAM32M => RAM32M (RAMD32(x6), RAMS32(x2)): 128 instances
  SRLC32E => SRL16E: 1 instance 

open_run: Time (s): cpu = 00:00:30 ; elapsed = 00:00:25 . Memory (MB): peak = 2465.812 ; gain = 1299.184
open_report: Time (s): cpu = 00:00:11 ; elapsed = 00:00:06 . Memory (MB): peak = 2659.656 ; gain = 160.375
reset_run synth_1
launch_runs synth_1 -jobs 10
[Sun Jun 15 09:47:59 2025] Launched synth_1...
Run output will be captured here: E:/uCOS-II/uCOS-II.runs/synth_1/runme.log
launch_runs impl_1 -jobs 10
[Sun Jun 15 09:51:33 2025] Launched impl_1...
Run output will be captured here: E:/uCOS-II/uCOS-II.runs/impl_1/runme.log
reset_run impl_1
exit
INFO: [Common 17-206] Exiting Vivado at Sun Jun 15 09:51:53 2025...
